{"total": {"lines":{"total":456,"covered":364,"skipped":0,"pct":79.82},"statements":{"total":462,"covered":368,"skipped":0,"pct":79.65},"functions":{"total":89,"covered":70,"skipped":0,"pct":78.65},"branches":{"total":319,"covered":220,"skipped":0,"pct":68.96},"branchesTrue":{"total":0,"covered":0,"skipped":0,"pct":100}}
,"/Users/gursh/code/group-project-team-38/packages/backend/convex/ai.ts": {"lines":{"total":25,"covered":25,"skipped":0,"pct":100},"functions":{"total":7,"covered":7,"skipped":0,"pct":100},"statements":{"total":25,"covered":25,"skipped":0,"pct":100},"branches":{"total":22,"covered":21,"skipped":0,"pct":95.45}}
,"/Users/gursh/code/group-project-team-38/packages/backend/convex/auth.config.ts": {"lines":{"total":0,"covered":0,"skipped":0,"pct":100},"functions":{"total":0,"covered":0,"skipped":0,"pct":100},"statements":{"total":0,"covered":0,"skipped":0,"pct":100},"branches":{"total":0,"covered":0,"skipped":0,"pct":100}}
,"/Users/gursh/code/group-project-team-38/packages/backend/convex/auth.ts": {"lines":{"total":25,"covered":21,"skipped":0,"pct":84},"functions":{"total":7,"covered":5,"skipped":0,"pct":71.42},"statements":{"total":25,"covered":21,"skipped":0,"pct":84},"branches":{"total":17,"covered":13,"skipped":0,"pct":76.47}}
,"/Users/gursh/code/group-project-team-38/packages/backend/convex/authz.ts": {"lines":{"total":41,"covered":33,"skipped":0,"pct":80.48},"functions":{"total":8,"covered":8,"skipped":0,"pct":100},"statements":{"total":41,"covered":33,"skipped":0,"pct":80.48},"branches":{"total":38,"covered":29,"skipped":0,"pct":76.31}}
,"/Users/gursh/code/group-project-team-38/packages/backend/convex/healthCheck.ts": {"lines":{"total":2,"covered":0,"skipped":0,"pct":0},"functions":{"total":1,"covered":0,"skipped":0,"pct":0},"statements":{"total":2,"covered":0,"skipped":0,"pct":0},"branches":{"total":0,"covered":0,"skipped":0,"pct":100}}
,"/Users/gursh/code/group-project-team-38/packages/backend/convex/http.ts": {"lines":{"total":2,"covered":0,"skipped":0,"pct":0},"functions":{"total":0,"covered":0,"skipped":0,"pct":100},"statements":{"total":2,"covered":0,"skipped":0,"pct":0},"branches":{"total":0,"covered":0,"skipped":0,"pct":100}}
,"/Users/gursh/code/group-project-team-38/packages/backend/convex/medications.ts": {"lines":{"total":30,"covered":15,"skipped":0,"pct":50},"functions":{"total":6,"covered":2,"skipped":0,"pct":33.33},"statements":{"total":30,"covered":15,"skipped":0,"pct":50},"branches":{"total":26,"covered":3,"skipped":0,"pct":11.53}}
,"/Users/gursh/code/group-project-team-38/packages/backend/convex/patients.ts": {"lines":{"total":24,"covered":12,"skipped":0,"pct":50},"functions":{"total":6,"covered":3,"skipped":0,"pct":50},"statements":{"total":24,"covered":12,"skipped":0,"pct":50},"branches":{"total":16,"covered":1,"skipped":0,"pct":6.25}}
,"/Users/gursh/code/group-project-team-38/packages/backend/convex/privateData.ts": {"lines":{"total":5,"covered":0,"skipped":0,"pct":0},"functions":{"total":1,"covered":0,"skipped":0,"pct":0},"statements":{"total":5,"covered":0,"skipped":0,"pct":0},"branches":{"total":2,"covered":0,"skipped":0,"pct":0}}
,"/Users/gursh/code/group-project-team-38/packages/backend/convex/scanLogExplanationGeneration.ts": {"lines":{"total":39,"covered":32,"skipped":0,"pct":82.05},"functions":{"total":3,"covered":3,"skipped":0,"pct":100},"statements":{"total":39,"covered":32,"skipped":0,"pct":82.05},"branches":{"total":26,"covered":16,"skipped":0,"pct":61.53}}
,"/Users/gursh/code/group-project-team-38/packages/backend/convex/scanLogExplanations.ts": {"lines":{"total":52,"covered":46,"skipped":0,"pct":88.46},"functions":{"total":9,"covered":9,"skipped":0,"pct":100},"statements":{"total":52,"covered":46,"skipped":0,"pct":88.46},"branches":{"total":36,"covered":27,"skipped":0,"pct":75}}
,"/Users/gursh/code/group-project-team-38/packages/backend/convex/scanLogs.ts": {"lines":{"total":40,"covered":39,"skipped":0,"pct":97.5},"functions":{"total":8,"covered":8,"skipped":0,"pct":100},"statements":{"total":41,"covered":40,"skipped":0,"pct":97.56},"branches":{"total":38,"covered":30,"skipped":0,"pct":78.94}}
,"/Users/gursh/code/group-project-team-38/packages/backend/convex/schema.ts": {"lines":{"total":0,"covered":0,"skipped":0,"pct":100},"functions":{"total":0,"covered":0,"skipped":0,"pct":100},"statements":{"total":0,"covered":0,"skipped":0,"pct":100},"branches":{"total":0,"covered":0,"skipped":0,"pct":100}}
,"/Users/gursh/code/group-project-team-38/packages/backend/convex/seed.ts": {"lines":{"total":60,"covered":58,"skipped":0,"pct":96.66},"functions":{"total":9,"covered":9,"skipped":0,"pct":100},"statements":{"total":61,"covered":59,"skipped":0,"pct":96.72},"branches":{"total":32,"covered":30,"skipped":0,"pct":93.75}}
,"/Users/gursh/code/group-project-team-38/packages/backend/convex/users.ts": {"lines":{"total":12,"covered":8,"skipped":0,"pct":66.66},"functions":{"total":3,"covered":2,"skipped":0,"pct":66.66},"statements":{"total":12,"covered":8,"skipped":0,"pct":66.66},"branches":{"total":2,"covered":1,"skipped":0,"pct":50}}
,"/Users/gursh/code/group-project-team-38/packages/backend/convex/verification.ts": {"lines":{"total":71,"covered":63,"skipped":0,"pct":88.73},"functions":{"total":16,"covered":13,"skipped":0,"pct":81.25},"statements":{"total":75,"covered":65,"skipped":0,"pct":86.66},"branches":{"total":56,"covered":47,"skipped":0,"pct":83.92}}
,"/Users/gursh/code/group-project-team-38/packages/backend/convex/wristbands.ts": {"lines":{"total":23,"covered":9,"skipped":0,"pct":39.13},"functions":{"total":5,"covered":1,"skipped":0,"pct":20},"statements":{"total":23,"covered":9,"skipped":0,"pct":39.13},"branches":{"total":8,"covered":2,"skipped":0,"pct":25}}
,"/Users/gursh/code/group-project-team-38/packages/backend/convex/betterAuth/adapter.ts": {"lines":{"total":1,"covered":1,"skipped":0,"pct":100},"functions":{"total":0,"covered":0,"skipped":0,"pct":100},"statements":{"total":1,"covered":1,"skipped":0,"pct":100},"branches":{"total":0,"covered":0,"skipped":0,"pct":100}}
,"/Users/gursh/code/group-project-team-38/packages/backend/convex/betterAuth/auth.ts": {"lines":{"total":1,"covered":0,"skipped":0,"pct":0},"functions":{"total":0,"covered":0,"skipped":0,"pct":100},"statements":{"total":1,"covered":0,"skipped":0,"pct":0},"branches":{"total":0,"covered":0,"skipped":0,"pct":100}}
,"/Users/gursh/code/group-project-team-38/packages/backend/convex/betterAuth/convex.config.ts": {"lines":{"total":1,"covered":0,"skipped":0,"pct":0},"functions":{"total":0,"covered":0,"skipped":0,"pct":100},"statements":{"total":1,"covered":0,"skipped":0,"pct":0},"branches":{"total":0,"covered":0,"skipped":0,"pct":100}}
,"/Users/gursh/code/group-project-team-38/packages/backend/convex/betterAuth/schema.ts": {"lines":{"total":2,"covered":2,"skipped":0,"pct":100},"functions":{"total":0,"covered":0,"skipped":0,"pct":100},"statements":{"total":2,"covered":2,"skipped":0,"pct":100},"branches":{"total":0,"covered":0,"skipped":0,"pct":100}}
}
