TN:
SF:convex/ai.ts
FN:6,(anonymous_0)
FN:21,(anonymous_1)
FN:59,parseAiEnvironment
FN:63,normalizeOptionalString
FN:72,getAiDebugSnapshot
FN:83,getAiConfig
FN:92,getAiTextModel
FNF:7
FNH:7
FNDA:32,(anonymous_0)
FNDA:12,(anonymous_1)
FNDA:16,parseAiEnvironment
FNDA:24,normalizeOptionalString
FNDA:6,getAiDebugSnapshot
FNDA:8,getAiConfig
FNDA:8,getAiTextModel
DA:5,4
DA:6,4
DA:7,32
DA:8,20
DA:11,12
DA:12,12
DA:14,4
DA:22,12
DA:23,1
DA:30,12
DA:31,1
DA:60,16
DA:64,24
DA:65,12
DA:68,12
DA:69,12
DA:73,6
DA:75,6
DA:84,8
DA:86,8
DA:93,8
DA:94,8
DA:99,8
DA:101,5
DA:106,1
LF:25
LH:25
BRDA:7,0,0,20
BRDA:7,0,1,12
BRDA:12,1,0,2
BRDA:12,1,1,10
BRDA:22,2,0,1
BRDA:22,2,1,11
BRDA:22,3,0,12
BRDA:22,3,1,8
BRDA:30,4,0,1
BRDA:30,4,1,11
BRDA:30,5,0,12
BRDA:30,5,1,4
BRDA:60,6,0,16
BRDA:60,6,1,8
BRDA:64,7,0,12
BRDA:64,7,1,12
BRDA:69,8,0,12
BRDA:69,8,1,0
BRDA:73,9,0,6
BRDA:73,9,1,6
BRDA:99,10,0,5
BRDA:99,10,1,1
BRF:22
BRH:21
end_of_record
TN:
SF:convex/auth.config.ts
FNF:0
FNH:0
LF:0
LH:0
BRF:0
BRH:0
end_of_record
TN:
SF:convex/auth.ts
FN:31,(anonymous_0)
FN:46,(anonymous_1)
FN:58,(anonymous_2)
FN:70,(anonymous_3)
FN:97,(anonymous_4)
FN:105,createAuth
FN:113,(anonymous_6)
FNF:7
FNH:5
FNDA:3,(anonymous_0)
FNDA:3,(anonymous_1)
FNDA:3,(anonymous_2)
FNDA:3,(anonymous_3)
FNDA:3,(anonymous_4)
FNDA:0,createAuth
FNDA:0,(anonymous_6)
DA:14,4
DA:15,4
DA:16,4
DA:31,4
DA:32,3
DA:33,3
DA:34,3
DA:42,0
DA:46,4
DA:47,3
DA:48,3
DA:50,3
DA:58,4
DA:59,3
DA:60,0
DA:62,3
DA:70,4
DA:73,3
DA:91,4
DA:97,4
DA:98,3
DA:99,3
DA:106,0
DA:111,4
DA:114,0
LF:25
LH:21
BRDA:35,0,0,3
BRDA:35,0,1,3
BRDA:35,0,2,0
BRDA:35,0,3,0
BRDA:35,0,4,0
BRDA:47,1,0,3
BRDA:47,1,1,3
BRDA:47,1,2,3
BRDA:48,2,0,3
BRDA:48,2,1,3
BRDA:52,3,0,3
BRDA:52,3,1,3
BRDA:54,4,0,3
BRDA:54,4,1,3
BRDA:54,4,2,3
BRDA:59,5,0,0
BRDA:59,5,1,3
BRF:17
BRH:13
end_of_record
TN:
SF:convex/authz.ts
FN:11,mapRole
FN:14,(anonymous_1)
FN:15,(anonymous_2)
FN:25,readStringField
FN:36,findActiveMembershipRole
FN:50,requireAuthUser
FN:61,getCurrentRole
FN:102,requireRole
FNF:8
FNH:8
FNDA:165,mapRole
FNDA:165,(anonymous_1)
FNDA:165,(anonymous_2)
FNDA:330,readStringField
FNDA:165,findActiveMembershipRole
FNDA:144,requireAuthUser
FNDA:167,getCurrentRole
FNDA:167,requireRole
DA:12,165
DA:14,165
DA:15,165
DA:16,165
DA:17,125
DA:19,40
DA:20,40
DA:22,0
DA:26,330
DA:27,0
DA:29,330
DA:30,330
DA:31,0
DA:33,330
DA:37,165
DA:38,0
DA:40,165
DA:41,165
DA:42,165
DA:43,165
DA:44,165
DA:47,0
DA:51,144
DA:52,144
DA:53,0
DA:58,144
DA:62,167
DA:63,167
DA:64,2
DA:67,165
DA:77,165
DA:78,0
DA:81,165
DA:95,165
DA:96,167
DA:97,0
DA:99,165
DA:106,167
DA:107,167
DA:108,5
DA:113,162
LF:41
LH:33
BRDA:16,0,0,125
BRDA:16,0,1,40
BRDA:16,1,0,165
BRDA:16,1,1,40
BRDA:19,2,0,40
BRDA:19,2,1,0
BRDA:19,3,0,40
BRDA:19,3,1,0
BRDA:26,4,0,0
BRDA:26,4,1,330
BRDA:26,5,0,330
BRDA:26,5,1,330
BRDA:26,5,2,330
BRDA:30,6,0,0
BRDA:30,6,1,330
BRDA:37,7,0,0
BRDA:37,7,1,165
BRDA:43,8,0,165
BRDA:43,8,1,0
BRDA:43,9,0,165
BRDA:43,9,1,165
BRDA:52,10,0,0
BRDA:52,10,1,144
BRDA:63,11,0,2
BRDA:63,11,1,165
BRDA:63,12,0,167
BRDA:63,12,1,165
BRDA:63,12,2,165
BRDA:77,13,0,0
BRDA:77,13,1,165
BRDA:77,14,0,165
BRDA:77,14,1,165
BRDA:96,15,0,0
BRDA:96,15,1,167
BRDA:107,16,0,5
BRDA:107,16,1,162
BRDA:107,17,0,167
BRDA:107,17,1,165
BRF:38
BRH:29
end_of_record
TN:
SF:convex/healthCheck.ts
FN:4,(anonymous_0)
FNF:1
FNH:0
FNDA:0,(anonymous_0)
DA:3,0
DA:5,0
LF:2
LH:0
BRF:0
BRH:0
end_of_record
TN:
SF:convex/http.ts
FNF:0
FNH:0
DA:5,0
DA:7,0
LF:2
LH:0
BRF:0
BRH:0
end_of_record
TN:
SF:convex/medications.ts
FN:28,(anonymous_0)
FN:33,(anonymous_1)
FN:38,(anonymous_2)
FN:57,(anonymous_3)
FN:89,(anonymous_4)
FN:117,(anonymous_5)
FNF:6
FNH:2
FNDA:0,(anonymous_0)
FNDA:0,(anonymous_1)
FNDA:0,(anonymous_2)
FNDA:2,(anonymous_3)
FNDA:0,(anonymous_4)
FNDA:2,(anonymous_5)
DA:6,1
DA:29,0
DA:30,0
DA:31,0
DA:33,0
DA:36,0
DA:39,0
DA:45,1
DA:58,2
DA:59,2
DA:60,2
DA:61,0
DA:66,2
DA:67,2
DA:76,1
DA:90,0
DA:91,0
DA:92,0
DA:93,0
DA:98,0
DA:110,0
DA:114,1
DA:118,2
DA:119,2
DA:120,2
DA:121,0
DA:126,2
DA:127,0
DA:129,2
DA:133,2
LF:30
LH:15
BRDA:30,0,0,0
BRDA:30,0,1,0
BRDA:60,1,0,0
BRDA:60,1,1,2
BRDA:92,2,0,0
BRDA:92,2,1,0
BRDA:99,3,0,0
BRDA:99,3,1,0
BRDA:100,4,0,0
BRDA:100,4,1,0
BRDA:101,5,0,0
BRDA:101,5,1,0
BRDA:102,6,0,0
BRDA:102,6,1,0
BRDA:103,7,0,0
BRDA:103,7,1,0
BRDA:104,8,0,0
BRDA:104,8,1,0
BRDA:106,9,0,0
BRDA:106,9,1,0
BRDA:107,10,0,0
BRDA:107,10,1,0
BRDA:120,11,0,0
BRDA:120,11,1,2
BRDA:126,12,0,0
BRDA:126,12,1,2
BRF:26
BRH:3
end_of_record
TN:
SF:convex/patients.ts
FN:23,(anonymous_0)
FN:45,(anonymous_1)
FN:52,(anonymous_2)
FN:66,(anonymous_3)
FN:70,(anonymous_4)
FN:98,(anonymous_5)
FNF:6
FNH:3
FNDA:1,(anonymous_0)
FNDA:0,(anonymous_1)
FNDA:0,(anonymous_2)
FNDA:2,(anonymous_3)
FNDA:1,(anonymous_4)
FNDA:0,(anonymous_5)
DA:6,1
DA:24,1
DA:25,1
DA:29,1
DA:46,0
DA:47,0
DA:48,0
DA:50,0
DA:52,0
DA:57,1
DA:67,2
DA:68,1
DA:70,1
DA:72,1
DA:73,0
DA:78,1
DA:79,1
DA:88,1
DA:99,0
DA:100,0
DA:101,0
DA:102,0
DA:108,0
DA:116,0
LF:24
LH:12
BRDA:47,0,0,0
BRDA:47,0,1,0
BRDA:72,1,0,0
BRDA:72,1,1,1
BRDA:101,2,0,0
BRDA:101,2,1,0
BRDA:109,3,0,0
BRDA:109,3,1,0
BRDA:110,4,0,0
BRDA:110,4,1,0
BRDA:111,5,0,0
BRDA:111,5,1,0
BRDA:112,6,0,0
BRDA:112,6,1,0
BRDA:113,7,0,0
BRDA:113,7,1,0
BRF:16
BRH:1
end_of_record
TN:
SF:convex/privateData.ts
FN:6,(anonymous_0)
FNF:1
FNH:0
FNDA:0,(anonymous_0)
DA:4,0
DA:7,0
DA:8,0
DA:9,0
DA:13,0
LF:5
LH:0
BRDA:8,0,0,0
BRDA:8,0,1,0
BRF:2
BRH:0
end_of_record
TN:
SF:convex/scanLogExplanationGeneration.ts
FN:16,parseStructuredErrorMessage
FN:39,getGenerationFailureMessage
FN:61,(anonymous_2)
FNF:3
FNH:3
FNDA:8,parseStructuredErrorMessage
FNDA:8,getGenerationFailureMessage
FNDA:6,(anonymous_2)
DA:17,8
DA:18,8
DA:19,8
DA:20,0
DA:23,4
DA:24,4
DA:25,0
DA:29,4
DA:33,8
DA:35,4
DA:40,8
DA:41,8
DA:47,0
DA:48,0
DA:51,0
DA:54,2
DA:62,6
DA:66,6
DA:67,0
DA:71,6
DA:73,6
DA:74,6
DA:75,6
DA:76,6
DA:82,6
DA:83,6
DA:90,2
DA:92,2
DA:93,0
DA:96,2
DA:103,2
DA:109,2
DA:111,4
DA:112,2
DA:113,2
DA:115,2
DA:119,4
DA:126,4
DA:133,4
LF:39
LH:32
BRDA:19,0,0,0
BRDA:19,0,1,8
BRDA:19,1,0,8
BRDA:19,1,1,4
BRDA:24,2,0,0
BRDA:24,2,1,4
BRDA:29,3,0,4
BRDA:29,3,1,0
BRDA:29,4,0,4
BRDA:29,4,1,4
BRDA:40,5,0,8
BRDA:40,5,1,0
BRDA:40,6,0,8
BRDA:40,6,1,8
BRDA:41,7,0,8
BRDA:41,7,1,4
BRDA:47,8,0,0
BRDA:47,8,1,0
BRDA:47,9,0,0
BRDA:47,9,1,0
BRDA:66,10,0,0
BRDA:66,10,1,6
BRDA:92,11,0,0
BRDA:92,11,1,2
BRDA:111,12,0,2
BRDA:111,12,1,2
BRF:26
BRH:16
end_of_record
TN:
SF:convex/scanLogExplanations.ts
FN:59,buildReasonGuidance
FN:60,(anonymous_1)
FN:74,buildScanLogExplanationPrompt
FN:83,(anonymous_3)
FN:93,normalizeExplanationText
FN:97,toBoundedMedication
FN:116,(anonymous_6)
FN:173,(anonymous_7)
FN:230,(anonymous_8)
FNF:9
FNH:9
FNDA:5,buildReasonGuidance
FNDA:6,(anonymous_1)
FNDA:5,buildScanLogExplanationPrompt
FNDA:6,(anonymous_3)
FNDA:3,normalizeExplanationText
FNDA:8,toBoundedMedication
FNDA:12,(anonymous_6)
FNDA:4,(anonymous_7)
FNDA:8,(anonymous_8)
DA:8,4
DA:15,4
DA:23,4
DA:29,4
DA:60,5
DA:61,6
DA:63,5
DA:65,0
DA:67,0
DA:69,1
DA:76,5
DA:78,5
DA:83,6
DA:90,5
DA:94,3
DA:98,8
DA:99,1
DA:102,7
DA:111,4
DA:117,12
DA:118,12
DA:119,1
DA:125,11
DA:126,1
DA:132,10
DA:133,1
DA:139,9
DA:140,1
DA:146,8
DA:147,12
DA:149,12
DA:160,4
DA:174,4
DA:175,4
DA:176,4
DA:178,4
DA:179,0
DA:185,4
DA:186,0
DA:192,4
DA:193,0
DA:199,4
DA:200,3
DA:205,3
DA:209,3
DA:215,1
DA:222,4
DA:231,8
DA:232,8
DA:233,0
DA:239,8
DA:245,8
LF:52
LH:46
BRDA:61,0,0,5
BRDA:61,0,1,0
BRDA:61,0,2,0
BRDA:61,0,3,1
BRDA:98,1,0,1
BRDA:98,1,1,7
BRDA:118,2,0,1
BRDA:118,2,1,11
BRDA:125,3,0,1
BRDA:125,3,1,10
BRDA:132,4,0,1
BRDA:132,4,1,9
BRDA:132,5,0,10
BRDA:132,5,1,9
BRDA:139,6,0,1
BRDA:139,6,1,8
BRDA:146,7,0,8
BRDA:146,7,1,0
BRDA:147,8,0,8
BRDA:147,8,1,0
BRDA:153,9,0,12
BRDA:153,9,1,0
BRDA:178,10,0,0
BRDA:178,10,1,4
BRDA:185,11,0,0
BRDA:185,11,1,4
BRDA:185,12,0,4
BRDA:185,12,1,4
BRDA:192,13,0,0
BRDA:192,13,1,4
BRDA:199,14,0,3
BRDA:199,14,1,1
BRDA:199,15,0,4
BRDA:199,15,1,2
BRDA:232,16,0,0
BRDA:232,16,1,8
BRF:36
BRH:27
end_of_record
TN:
SF:convex/scanLogs.ts
FN:145,matchesFilters
FN:169,loadScanner
FN:172,(anonymous_2)
FN:182,loadAdminListItem
FN:240,(anonymous_4)
FN:249,(anonymous_5)
FN:252,(anonymous_6)
FN:261,(anonymous_7)
FNF:8
FNH:8
FNDA:217,matchesFilters
FNDA:113,loadScanner
FNDA:113,(anonymous_2)
FNDA:111,loadAdminListItem
FNDA:7,(anonymous_4)
FNDA:217,(anonymous_5)
FNDA:111,(anonymous_6)
FNDA:4,(anonymous_7)
DA:8,1
DA:15,1
DA:20,1
DA:43,1
DA:49,1
DA:57,1
DA:66,1
DA:73,1
DA:94,1
DA:107,1
DA:123,1
DA:134,1
DA:154,217
DA:155,1
DA:157,216
DA:158,0
DA:160,216
DA:161,1
DA:163,215
DA:164,99
DA:166,116
DA:170,113
DA:172,113
DA:175,113
DA:183,111
DA:190,111
DA:231,1
DA:241,7
DA:242,6
DA:243,7
DA:248,6
DA:249,217
DA:252,111
DA:256,1
DA:262,4
DA:263,3
DA:264,3
DA:265,1
DA:268,2
DA:275,2
LF:40
LH:39
BRDA:154,0,0,1
BRDA:154,0,1,216
BRDA:154,1,0,217
BRDA:154,1,1,2
BRDA:157,2,0,0
BRDA:157,2,1,216
BRDA:157,3,0,216
BRDA:157,3,1,1
BRDA:160,4,0,1
BRDA:160,4,1,215
BRDA:160,5,0,216
BRDA:160,5,1,2
BRDA:163,6,0,99
BRDA:163,6,1,116
BRDA:163,7,0,215
BRDA:163,7,1,105
BRDA:185,8,0,111
BRDA:185,8,1,0
BRDA:186,9,0,111
BRDA:186,9,1,0
BRDA:187,10,0,111
BRDA:187,10,1,0
BRDA:201,11,0,110
BRDA:201,11,1,1
BRDA:210,12,0,110
BRDA:210,12,1,1
BRDA:220,13,0,110
BRDA:220,13,1,1
BRDA:242,14,0,6
BRDA:242,14,1,0
BRDA:264,15,0,1
BRDA:264,15,1,2
BRDA:270,16,0,2
BRDA:270,16,1,0
BRDA:271,17,0,2
BRDA:271,17,1,0
BRDA:272,18,0,2
BRDA:272,18,1,0
BRF:38
BRH:30
end_of_record
TN:
SF:convex/schema.ts
FNF:0
FNH:0
LF:0
LH:0
BRF:0
BRH:0
end_of_record
TN:
SF:convex/seed.ts
FN:58,ensurePatient
FN:61,(anonymous_1)
FN:82,ensureMedication
FN:88,(anonymous_3)
FN:91,(anonymous_4)
FN:117,ensureWristband
FN:123,(anonymous_6)
FN:145,ensureDemoAuthUser
FN:365,(anonymous_8)
FNF:9
FNH:9
FNDA:58,ensurePatient
FNDA:58,(anonymous_1)
FNDA:58,ensureMedication
FNDA:58,(anonymous_3)
FNDA:4,(anonymous_4)
FNDA:58,ensureWristband
FNDA:58,(anonymous_6)
FNDA:58,ensureDemoAuthUser
FNDA:29,(anonymous_8)
DA:40,3
DA:49,3
DA:59,58
DA:61,58
DA:64,58
DA:65,58
DA:66,4
DA:71,4
DA:74,54
DA:86,58
DA:88,58
DA:91,58
DA:92,58
DA:94,58
DA:95,4
DA:103,4
DA:106,54
DA:121,58
DA:123,58
DA:126,58
DA:127,58
DA:128,4
DA:135,4
DA:138,54
DA:146,58
DA:147,58
DA:149,58
DA:161,58
DA:162,4
DA:163,4
DA:182,54
DA:195,54
DA:196,0
DA:199,54
DA:202,58
DA:214,58
DA:215,4
DA:216,4
DA:233,54
DA:244,54
DA:249,0
DA:252,54
DA:255,58
DA:272,58
DA:273,4
DA:289,54
DA:302,58
DA:319,58
DA:320,4
DA:339,54
DA:355,3
DA:366,29
DA:367,29
DA:369,29
DA:376,29
DA:384,29
DA:391,29
DA:399,29
DA:404,29
DA:410,29
LF:60
LH:58
BRDA:65,0,0,4
BRDA:65,0,1,54
BRDA:94,1,0,4
BRDA:94,1,1,54
BRDA:127,2,0,4
BRDA:127,2,1,54
BRDA:161,3,0,4
BRDA:161,3,1,54
BRDA:161,4,0,58
BRDA:161,4,1,4
BRDA:195,5,0,0
BRDA:195,5,1,54
BRDA:195,6,0,54
BRDA:195,6,1,54
BRDA:195,6,2,54
BRDA:214,7,0,4
BRDA:214,7,1,54
BRDA:214,8,0,58
BRDA:214,8,1,4
BRDA:244,9,0,0
BRDA:244,9,1,54
BRDA:245,10,0,54
BRDA:245,10,1,54
BRDA:245,10,2,54
BRDA:272,11,0,4
BRDA:272,11,1,54
BRDA:272,12,0,58
BRDA:272,12,1,4
BRDA:319,13,0,4
BRDA:319,13,1,54
BRDA:319,14,0,58
BRDA:319,14,1,4
BRF:32
BRH:30
end_of_record
TN:
SF:convex/users.ts
FN:9,(anonymous_0)
FN:15,(anonymous_1)
FN:42,(anonymous_2)
FNF:3
FNH:2
FNDA:2,(anonymous_0)
FNDA:2,(anonymous_1)
FNDA:0,(anonymous_2)
DA:6,1
DA:10,2
DA:11,2
DA:13,2
DA:15,2
DA:18,2
DA:19,0
DA:25,0
DA:28,2
DA:39,1
DA:43,0
DA:44,0
LF:12
LH:8
BRDA:18,0,0,0
BRDA:18,0,1,2
BRF:2
BRH:1
end_of_record
TN:
SF:convex/verification.ts
FN:74,hasOverlap
FN:76,(anonymous_1)
FN:79,resolveWristbandPatient
FN:85,(anonymous_3)
FN:125,listActiveMedicationsForPatient
FN:128,(anonymous_5)
FN:132,(anonymous_6)
FN:140,(anonymous_7)
FN:148,(anonymous_8)
FN:196,(anonymous_9)
FN:219,(anonymous_10)
FN:221,(anonymous_11)
FN:310,(anonymous_12)
FN:324,(anonymous_13)
FN:329,(anonymous_14)
FN:335,(anonymous_15)
FNF:16
FNH:13
FNDA:129,hasOverlap
FNDA:129,(anonymous_1)
FNDA:134,resolveWristbandPatient
FNDA:134,(anonymous_3)
FNDA:2,listActiveMedicationsForPatient
FNDA:2,(anonymous_5)
FNDA:1,(anonymous_6)
FNDA:0,(anonymous_7)
FNDA:5,(anonymous_8)
FNDA:131,(anonymous_9)
FNDA:3,(anonymous_10)
FNDA:3,(anonymous_11)
FNDA:8,(anonymous_12)
FNDA:0,(anonymous_13)
FNDA:8,(anonymous_14)
FNDA:0,(anonymous_15)
DA:9,3
DA:16,3
DA:25,3
DA:33,3
DA:75,129
DA:76,129
DA:83,134
DA:85,134
DA:88,134
DA:89,2
DA:92,132
DA:93,1
DA:101,131
DA:102,131
DA:103,0
DA:109,131
DA:126,2
DA:128,2
DA:131,2
DA:132,1
DA:140,0
DA:143,3
DA:149,5
DA:151,4
DA:152,4
DA:153,1
DA:156,3
DA:157,1
DA:163,2
DA:165,2
DA:174,3
DA:197,131
DA:198,130
DA:199,130
DA:203,130
DA:205,130
DA:206,1
DA:210,130
DA:211,131
DA:213,131
DA:215,131
DA:216,131
DA:217,3
DA:219,3
DA:221,3
DA:224,130
DA:225,0
DA:228,130
DA:229,1
DA:232,130
DA:237,69
DA:240,130
DA:242,131
DA:244,131
DA:261,130
DA:262,12
DA:267,130
DA:278,3
DA:311,8
DA:312,8
DA:313,8
DA:315,8
DA:316,0
DA:321,0
DA:322,0
DA:324,0
DA:327,8
DA:329,8
DA:332,8
DA:333,8
DA:335,0
LF:71
LH:63
BRDA:88,0,0,2
BRDA:88,0,1,132
BRDA:92,1,0,1
BRDA:92,1,1,131
BRDA:102,2,0,0
BRDA:102,2,1,131
BRDA:152,3,0,1
BRDA:152,3,1,3
BRDA:156,4,0,1
BRDA:156,4,1,2
BRDA:205,5,0,1
BRDA:205,5,1,129
BRDA:210,6,0,129
BRDA:210,6,1,1
BRDA:211,7,0,129
BRDA:211,7,1,1
BRDA:213,8,0,127
BRDA:213,8,1,3
BRDA:216,9,0,3
BRDA:216,9,1,128
BRDA:216,10,0,131
BRDA:216,10,1,3
BRDA:221,11,0,3
BRDA:221,11,1,0
BRDA:224,12,0,0
BRDA:224,12,1,130
BRDA:224,13,0,130
BRDA:224,13,1,130
BRDA:228,14,0,1
BRDA:228,14,1,129
BRDA:228,15,0,130
BRDA:228,15,1,129
BRDA:228,15,2,129
BRDA:232,16,0,69
BRDA:232,16,1,61
BRDA:233,17,0,130
BRDA:233,17,1,129
BRDA:233,17,2,129
BRDA:240,18,0,59
BRDA:240,18,1,71
BRDA:242,19,0,12
BRDA:242,19,1,118
BRDA:242,20,0,131
BRDA:242,20,1,71
BRDA:255,21,0,131
BRDA:255,21,1,0
BRDA:261,22,0,12
BRDA:261,22,1,118
BRDA:313,23,0,8
BRDA:313,23,1,0
BRDA:315,24,0,0
BRDA:315,24,1,8
BRDA:321,25,0,0
BRDA:321,25,1,0
BRDA:332,26,0,8
BRDA:332,26,1,0
BRF:56
BRH:47
end_of_record
TN:
SF:convex/wristbands.ts
FN:21,(anonymous_0)
FN:25,(anonymous_1)
FN:37,(anonymous_2)
FN:49,(anonymous_3)
FN:71,(anonymous_4)
FNF:5
FNH:1
FNDA:0,(anonymous_0)
FNDA:0,(anonymous_1)
FNDA:0,(anonymous_2)
FNDA:0,(anonymous_3)
FNDA:1,(anonymous_4)
DA:6,1
DA:22,0
DA:23,0
DA:25,0
DA:30,1
DA:38,0
DA:39,0
DA:40,0
DA:41,0
DA:47,0
DA:49,0
DA:51,0
DA:52,0
DA:58,0
DA:68,1
DA:72,1
DA:73,1
DA:74,1
DA:75,0
DA:80,1
DA:81,0
DA:83,1
DA:87,1
LF:23
LH:9
BRDA:40,0,0,0
BRDA:40,0,1,0
BRDA:51,1,0,0
BRDA:51,1,1,0
BRDA:74,2,0,0
BRDA:74,2,1,1
BRDA:80,3,0,0
BRDA:80,3,1,1
BRF:8
BRH:2
end_of_record
TN:
SF:convex/betterAuth/adapter.ts
FNF:0
FNH:0
DA:6,3
LF:1
LH:1
BRF:0
BRH:0
end_of_record
TN:
SF:convex/betterAuth/auth.ts
FNF:0
FNH:0
DA:4,0
LF:1
LH:0
BRF:0
BRH:0
end_of_record
TN:
SF:convex/betterAuth/convex.config.ts
FNF:0
FNH:0
DA:3,0
LF:1
LH:0
BRF:0
BRH:0
end_of_record
TN:
SF:convex/betterAuth/schema.ts
FNF:0
FNH:0
DA:14,4
DA:109,4
LF:2
LH:2
BRF:0
BRH:0
end_of_record
